<?xml version="1.0" encoding="UTF-8"?>
<!-- Generated by org.testng.reporters.JUnitReportReporter -->
<testsuite hostname="DESKTOP-NB17RKO" failures="0" tests="2" name="com.jala.qa.testcases.AutocompletePageTest" time="13.970" errors="0" timestamp="17 May 2024 05:15:28 GMT" skipped="0">
  <testcase classname="com.jala.qa.testcases.AutocompletePageTest" name="varifySinglevaluesTab" time="7.067"/>
  <testcase classname="com.jala.qa.testcases.AutocompletePageTest" name="varifyMultilevaluesTab" time="6.903"/>
</testsuite> <!-- com.jala.qa.testcases.AutocompletePageTest -->
