<?xml version="1.0" encoding="UTF-8"?>
<!-- Generated by org.testng.reporters.JUnitReportReporter -->
<testsuite hostname="DESKTOP-NB17RKO" failures="0" tests="1" name="com.jala.qa.testcases.SliderPageTest" time="12.878" errors="0" timestamp="19 May 2024 18:58:47 GMT" skipped="0">
  <testcase classname="com.jala.qa.testcases.SliderPageTest" name="validateSliderMover" time="12.878"/>
</testsuite> <!-- com.jala.qa.testcases.SliderPageTest -->
