<?xml version="1.0" encoding="UTF-8"?>
<!-- Generated by org.testng.reporters.JUnitReportReporter -->
<testsuite hostname="DESKTOP-NB17RKO" failures="0" tests="2" name="com.jala.qa.testcases.AutocompletePageTest" time="11.537" errors="0" timestamp="03 Jun 2024 16:29:53 GMT" skipped="0">
  <testcase classname="com.jala.qa.testcases.AutocompletePageTest" name="varifySinglevaluesTab" time="5.857"/>
  <testcase classname="com.jala.qa.testcases.AutocompletePageTest" name="varifyMultilevaluesTab" time="5.680"/>
</testsuite> <!-- com.jala.qa.testcases.AutocompletePageTest -->
