<?xml version="1.0" encoding="UTF-8"?>
<!-- Generated by org.testng.reporters.JUnitReportReporter -->
<testsuite hostname="DESKTOP-NB17RKO" failures="0" tests="1" name="com.jala.qa.testcases.TooltipsPageTest" time="5.950" errors="0" timestamp="03 Jun 2024 16:29:53 GMT" skipped="0">
  <testcase classname="com.jala.qa.testcases.TooltipsPageTest" name="validateSliderMover" time="5.950"/>
</testsuite> <!-- com.jala.qa.testcases.TooltipsPageTest -->
