<?xml version="1.0" encoding="UTF-8"?>
<!-- Generated by org.testng.reporters.JUnitReportReporter -->
<testsuite hostname="DESKTOP-NB17RKO" failures="0" tests="1" name="com.jala.qa.testcases.CollapsConenetTest" time="6.773" errors="0" timestamp="12 May 2024 03:28:47 GMT" skipped="0">
  <testcase classname="com.jala.qa.testcases.CollapsConenetTest" name="ValidateSingleCollpas" time="6.773"/>
</testsuite> <!-- com.jala.qa.testcases.CollapsConenetTest -->
