<?xml version="1.0" encoding="UTF-8"?>
<!-- Generated by org.testng.reporters.JUnitReportReporter -->
<testsuite hostname="DESKTOP-NB17RKO" failures="0" tests="4" name="com.jala.qa.testcases.MultilpleTabsTest" time="26.872" errors="0" timestamp="17 May 2024 05:15:28 GMT" skipped="0">
  <testcase classname="com.jala.qa.testcases.MultilpleTabsTest" name="getTitleOfMultileTabPage" time="6.511"/>
  <testcase classname="com.jala.qa.testcases.MultilpleTabsTest" name="tabFirsttextField" time="6.695"/>
  <testcase classname="com.jala.qa.testcases.MultilpleTabsTest" name="tabFirsttextField2" time="6.737"/>
  <testcase classname="com.jala.qa.testcases.MultilpleTabsTest" name="tabFirsttextField3" time="6.929"/>
</testsuite> <!-- com.jala.qa.testcases.MultilpleTabsTest -->
