<?xml version="1.0" encoding="UTF-8"?>
<!-- Generated by org.testng.reporters.JUnitReportReporter -->
<testsuite hostname="DESKTOP-NB17RKO" failures="0" tests="1" name="com.jala.qa.testcases.TooltipsPageTest" time="7.548" errors="0" timestamp="13 May 2024 03:47:57 GMT" skipped="0">
  <testcase classname="com.jala.qa.testcases.TooltipsPageTest" name="validateSliderMover" time="7.548"/>
</testsuite> <!-- com.jala.qa.testcases.TooltipsPageTest -->
