<?xml version="1.0" encoding="UTF-8"?>
<!-- Generated by org.testng.reporters.JUnitReportReporter -->
<testsuite hostname="DESKTOP-NB17RKO" failures="0" tests="3" name="com.jala.qa.testcases.LoginPageTest" time="14.720" errors="0" timestamp="03 Jun 2024 16:29:53 GMT" skipped="0">
  <testcase classname="com.jala.qa.testcases.LoginPageTest" name="logintext" time="4.214"/>
  <testcase classname="com.jala.qa.testcases.LoginPageTest" name="loginPageTitle" time="2.841"/>
  <testcase classname="com.jala.qa.testcases.LoginPageTest" name="loginPageVisibletext" time="7.665"/>
</testsuite> <!-- com.jala.qa.testcases.LoginPageTest -->
