<?xml version="1.0" encoding="UTF-8"?>
<!-- Generated by org.testng.reporters.JUnitReportReporter -->
<testsuite hostname="DESKTOP-NB17RKO" failures="0" tests="3" name="com.jala.qa.testcases.MenuPageTest" time="16.945" errors="0" timestamp="03 Jun 2024 16:29:53 GMT" skipped="0">
  <testcase classname="com.jala.qa.testcases.MenuPageTest" name="getMenuPageTitle" time="5.474"/>
  <testcase classname="com.jala.qa.testcases.MenuPageTest" name="varifyManuInfo" time="5.573"/>
  <testcase classname="com.jala.qa.testcases.MenuPageTest" name="varifysubMenuInfo" time="5.898"/>
</testsuite> <!-- com.jala.qa.testcases.MenuPageTest -->
