<?xml version="1.0" encoding="UTF-8"?>
<!-- Generated by org.testng.reporters.JUnitReportReporter -->
<testsuite hostname="DESKTOP-NB17RKO" failures="0" tests="1" name="com.jala.qa.testcases.SliderPageTest" time="6.166" errors="0" timestamp="03 Jun 2024 16:29:53 GMT" skipped="0">
  <testcase classname="com.jala.qa.testcases.SliderPageTest" name="validateSliderMover" time="6.166"/>
</testsuite> <!-- com.jala.qa.testcases.SliderPageTest -->
