<?xml version="1.0" encoding="UTF-8"?>
<!-- Generated by org.testng.reporters.JUnitReportReporter -->
<testsuite hostname="DESKTOP-NB17RKO" failures="0" tests="2" name="com.jala.qa.testcases.iFramePageTest" time="15.882" errors="0" timestamp="22 May 2024 04:13:38 GMT" skipped="0">
  <testcase classname="com.jala.qa.testcases.iFramePageTest" name="ValidateiFrame1" time="9.762"/>
  <testcase classname="com.jala.qa.testcases.iFramePageTest" name="ValidateiFrame2" time="6.120"/>
</testsuite> <!-- com.jala.qa.testcases.iFramePageTest -->
