<?xml version="1.0" encoding="UTF-8"?>
<!-- Generated by org.testng.reporters.JUnitReportReporter -->
<testsuite hostname="DESKTOP-NB17RKO" failures="0" tests="4" name="com.jala.qa.testcases.MultilpleTabsTest" time="21.904" errors="0" timestamp="03 Jun 2024 16:29:53 GMT" skipped="0">
  <testcase classname="com.jala.qa.testcases.MultilpleTabsTest" name="getTitleOfMultileTabPage" time="5.842"/>
  <testcase classname="com.jala.qa.testcases.MultilpleTabsTest" name="tabFirsttextField" time="5.370"/>
  <testcase classname="com.jala.qa.testcases.MultilpleTabsTest" name="tabFirsttextField2" time="5.347"/>
  <testcase classname="com.jala.qa.testcases.MultilpleTabsTest" name="tabFirsttextField3" time="5.345"/>
</testsuite> <!-- com.jala.qa.testcases.MultilpleTabsTest -->
