<?xml version="1.0" encoding="UTF-8"?>
<!-- Generated by org.testng.reporters.JUnitReportReporter -->
<testsuite hostname="DESKTOP-NB17RKO" failures="0" tests="4" name="com.jala.qa.testcases.CreateEmployeeDatailsTest" time="63.786" errors="0" timestamp="03 Jun 2024 16:29:53 GMT" skipped="0">
  <testcase classname="com.jala.qa.testcases.CreateEmployeeDatailsTest" name="VarifyNewEmployeeDetailsCreation" time="17.494"/>
  <testcase classname="com.jala.qa.testcases.CreateEmployeeDatailsTest" name="VarifyNewEmployeeDetailsCreation" time="16.745"/>
  <testcase classname="com.jala.qa.testcases.CreateEmployeeDatailsTest" name="VarifyNewEmployeeDetailsCreation" time="15.359"/>
  <testcase classname="com.jala.qa.testcases.CreateEmployeeDatailsTest" name="VarifyNewEmployeeDetailsCreation" time="14.188"/>
</testsuite> <!-- com.jala.qa.testcases.CreateEmployeeDatailsTest -->
