<?xml version="1.0" encoding="UTF-8"?>
<!-- Generated by org.testng.reporters.JUnitReportReporter -->
<testsuite hostname="DESKTOP-NB17RKO" failures="0" tests="1" name="com.jala.qa.testcases.ImagePageTest" time="5.890" errors="0" timestamp="17 May 2024 11:12:38 GMT" skipped="0">
  <testcase classname="com.jala.qa.testcases.ImagePageTest" name="validateUploadImage" time="5.890"/>
</testsuite> <!-- com.jala.qa.testcases.ImagePageTest -->
