<?xml version="1.0" encoding="UTF-8"?>
<!-- Generated by org.testng.reporters.JUnitReportReporter -->
<testsuite hostname="DESKTOP-NB17RKO" failures="0" tests="2" name="com.jala.qa.testcases.iFramePageTest" time="11.596" errors="0" timestamp="03 Jun 2024 16:29:53 GMT" skipped="0">
  <testcase classname="com.jala.qa.testcases.iFramePageTest" name="ValidateiFrame1" time="5.252"/>
  <testcase classname="com.jala.qa.testcases.iFramePageTest" name="ValidateiFrame2" time="6.344"/>
</testsuite> <!-- com.jala.qa.testcases.iFramePageTest -->
