<?xml version="1.0" encoding="UTF-8"?>
<!-- Generated by org.testng.reporters.JUnitReportReporter -->
<testsuite hostname="DESKTOP-NB17RKO" failures="0" tests="3" name="com.jala.qa.testcases.LoginPageTest" time="15.381" errors="0" timestamp="17 May 2024 05:15:28 GMT" skipped="0">
  <testcase classname="com.jala.qa.testcases.LoginPageTest" name="logintext" time="4.911"/>
  <testcase classname="com.jala.qa.testcases.LoginPageTest" name="loginPageTitle" time="4.404"/>
  <testcase classname="com.jala.qa.testcases.LoginPageTest" name="loginPageVisibletext" time="6.066"/>
</testsuite> <!-- com.jala.qa.testcases.LoginPageTest -->
